[debug] [2022-04-03T13:18:13.452Z] ----------------------------------------------------------------------
[debug] [2022-04-03T13:18:13.453Z] Command:       C:\Program Files\nodejs\node.exe C:\Users\david\AppData\Roaming\npm\node_modules\firebase-tools\lib\bin\firebase.js init
[debug] [2022-04-03T13:18:13.454Z] CLI Version:   10.5.0
[debug] [2022-04-03T13:18:13.454Z] Platform:      win32
[debug] [2022-04-03T13:18:13.454Z] Node Version:  v16.10.0
[debug] [2022-04-03T13:18:13.455Z] Time:          Sun Apr 03 2022 17:18:13 GMT+0400 (Georgia Standard Time)
[debug] [2022-04-03T13:18:13.455Z] ----------------------------------------------------------------------
[debug] 
[debug] [2022-04-03T13:18:13.457Z] >>> [apiv2][query] GET https://firebase-public.firebaseio.com/cli.json [none]
[debug] [2022-04-03T13:18:13.476Z] > command requires scopes: ["email","openid","https://www.googleapis.com/auth/cloudplatformprojects.readonly","https://www.googleapis.com/auth/firebase","https://www.googleapis.com/auth/cloud-platform"]
[debug] [2022-04-03T13:18:13.476Z] > authorizing via signed-in user (chiradze.dato00@gmail.com)
[info] 
     ######## #### ########  ######## ########     ###     ######  ########
     ##        ##  ##     ## ##       ##     ##  ##   ##  ##       ##
     ######    ##  ########  ######   ########  #########  ######  ######
     ##        ##  ##    ##  ##       ##     ## ##     ##       ## ##
     ##       #### ##     ## ######## ########  ##     ##  ######  ########

You're about to initialize a Firebase project in this directory:

  C:\Users\david\Desktop\watermaster

[debug] [2022-04-03T13:18:14.094Z] <<< [apiv2][status] GET https://firebase-public.firebaseio.com/cli.json 200
[debug] [2022-04-03T13:18:14.094Z] <<< [apiv2][body] GET https://firebase-public.firebaseio.com/cli.json {"cloudBuildErrorAfter":1594252800000,"cloudBuildWarnAfter":1590019200000,"defaultNode10After":1594252800000,"minVersion":"3.0.5","node8DeploysDisabledAfter":1613390400000,"node8RuntimeDisabledAfter":1615809600000,"node8WarnAfter":1600128000000}
